<?xml version="1.0" encoding="UTF-8"?>
<testng-results skipped="0" failed="0" ignored="0" total="1" passed="1">
  <reporter-output>
  </reporter-output>
  <suite name="InetBankingv1" duration-ms="15654" started-at="2020-07-27T03:05:12 IST" finished-at="2020-07-27T03:05:27 IST">
    <groups>
    </groups>
    <test name="BankingApp Test" duration-ms="15654" started-at="2020-07-27T03:05:12 IST" finished-at="2020-07-27T03:05:27 IST">
      <class name="com.inetBanking.TestCases.TC_LoginTest_001">
        <test-method status="PASS" signature="setUp(java.lang.String)[pri:0, instance:com.inetBanking.TestCases.TC_LoginTest_001@eed359]" name="setUp" is-config="true" duration-ms="10951" started-at="2020-07-27T03:05:12 IST" finished-at="2020-07-27T03:05:23 IST">
          <params>
            <param index="0">
              <value>
                <![CDATA[chrome]]>
              </value>
            </param>
          </params>
          <reporter-output>
          </reporter-output>
        </test-method> <!-- setUp -->
        <test-method status="PASS" signature="logInTest()[pri:0, instance:com.inetBanking.TestCases.TC_LoginTest_001@eed359]" name="logInTest" duration-ms="3201" started-at="2020-07-27T03:05:23 IST" finished-at="2020-07-27T03:05:26 IST">
          <reporter-output>
          </reporter-output>
        </test-method> <!-- logInTest -->
        <test-method status="PASS" signature="tearDown()[pri:0, instance:com.inetBanking.TestCases.TC_LoginTest_001@eed359]" name="tearDown" is-config="true" duration-ms="1260" started-at="2020-07-27T03:05:26 IST" finished-at="2020-07-27T03:05:27 IST">
          <reporter-output>
          </reporter-output>
        </test-method> <!-- tearDown -->
      </class> <!-- com.inetBanking.TestCases.TC_LoginTest_001 -->
    </test> <!-- BankingApp Test -->
  </suite> <!-- InetBankingv1 -->
</testng-results>
