<?xml version="1.0" encoding="UTF-8"?>
<testng-results ignored="0" total="1" passed="1" failed="0" skipped="0">
  <reporter-output>
  </reporter-output>
  <suite started-at="2020-07-27T02:30:56 IST" name="InetBankingv1" finished-at="2020-07-27T02:31:09 IST" duration-ms="12586">
    <groups>
    </groups>
    <test started-at="2020-07-27T02:30:56 IST" name="BankingApp Test" finished-at="2020-07-27T02:31:09 IST" duration-ms="12586">
      <class name="com.inetBanking.TestCases.TC_LoginTest_001">
        <test-method is-config="true" signature="setUp(java.lang.String)[pri:0, instance:com.inetBanking.TestCases.TC_LoginTest_001@4df50bcc]" started-at="2020-07-27T02:30:56 IST" name="setUp" finished-at="2020-07-27T02:31:06 IST" duration-ms="9390" status="PASS">
          <params>
            <param index="0">
              <value>
                <![CDATA[chrome]]>
              </value>
            </param>
          </params>
          <reporter-output>
          </reporter-output>
        </test-method> <!-- setUp -->
        <test-method signature="logInTest()[pri:0, instance:com.inetBanking.TestCases.TC_LoginTest_001@4df50bcc]" started-at="2020-07-27T02:31:06 IST" name="logInTest" finished-at="2020-07-27T02:31:08 IST" duration-ms="2361" status="PASS">
          <reporter-output>
          </reporter-output>
        </test-method> <!-- logInTest -->
        <test-method is-config="true" signature="tearDown()[pri:0, instance:com.inetBanking.TestCases.TC_LoginTest_001@4df50bcc]" started-at="2020-07-27T02:31:08 IST" name="tearDown" finished-at="2020-07-27T02:31:09 IST" duration-ms="679" status="PASS">
          <reporter-output>
          </reporter-output>
        </test-method> <!-- tearDown -->
      </class> <!-- com.inetBanking.TestCases.TC_LoginTest_001 -->
    </test> <!-- BankingApp Test -->
  </suite> <!-- InetBankingv1 -->
</testng-results>
